<?xml version="1.0" encoding="UTF-8"?>
<testsuite name="TestSuite" time="7.591" tests="1" errors="0" skipped="0" failures="0">
  <properties>
    <property name="java.vendor" value="Oracle Corporation"/>
    <property name="JOB_NAME" value="NewArtifactIdJenkin"/>
    <property name="PWD" value="/Users/sudkumar10/Downloads/jenkins"/>
    <property name="sun.java.launcher" value="SUN_STANDARD"/>
    <property name="JAVA_MAIN_CLASS_82942" value="Main"/>
    <property name="sun.management.compiler" value="HotSpot 64-Bit Tiered Compilers"/>
    <property name="JENKINS_HOME" value="/Users/sudkumar10/.jenkins"/>
    <property name="PATH" value="/Library/Java/JavaVirtualMachines/jdk1.8.0_181.jdk/Contents/Home/bin:/usr/local/bin:/usr/bin:/bin:/usr/sbin:/sbin:/usr/local/mysql/bin:/Library/Java/JavaVirtualMachines/jdk1.8.0_181.jdk/Contents/Home/bin:/Users/sudkumar10/Library/Android/sdk/tools:/Users/sudkumar10/Library/Android/sdk/platform-tools:/Users/sudkumar10/Library/Android/sdk/build-tools/27.0.1"/>
    <property name="HUDSON_SERVER_COOKIE" value="9914e66525e8d8e0"/>
    <property name="POM_ARTIFACTID" value="NewArtifactID"/>
    <property name="os.name" value="Mac OS X"/>
    <property name="TERM_PROGRAM" value="Apple_Terminal"/>
    <property name="sun.boot.class.path" value="/Library/Java/JavaVirtualMachines/jdk1.8.0_181.jdk/Contents/Home/jre/lib/resources.jar:/Library/Java/JavaVirtualMachines/jdk1.8.0_181.jdk/Contents/Home/jre/lib/rt.jar:/Library/Java/JavaVirtualMachines/jdk1.8.0_181.jdk/Contents/Home/jre/lib/sunrsasign.jar:/Library/Java/JavaVirtualMachines/jdk1.8.0_181.jdk/Contents/Home/jre/lib/jsse.jar:/Library/Java/JavaVirtualMachines/jdk1.8.0_181.jdk/Contents/Home/jre/lib/jce.jar:/Library/Java/JavaVirtualMachines/jdk1.8.0_181.jdk/Contents/Home/jre/lib/charsets.jar:/Library/Java/JavaVirtualMachines/jdk1.8.0_181.jdk/Contents/Home/jre/lib/jfr.jar:/Library/Java/JavaVirtualMachines/jdk1.8.0_181.jdk/Contents/Home/jre/classes"/>
    <property name="EXECUTOR_NUMBER" value="1"/>
    <property name="TERM_SESSION_ID" value="A6B64804-B46C-44DE-BEB1-296B7D37570A"/>
    <property name="java.vm.specification.vendor" value="Oracle Corporation"/>
    <property name="POM_DISPLAYNAME" value="NewArtifactID"/>
    <property name="NODE_LABELS" value="master"/>
    <property name="java.runtime.version" value="1.8.0_181-b13"/>
    <property name="user.name" value="sudkumar10"/>
    <property name="guice.disable.misplaced.annotation.check" value="true"/>
    <property name="SECURITYSESSIONID" value="186aa"/>
    <property name="user.language" value="en"/>
    <property name="JOB_BASE_NAME" value="NewArtifactIdJenkin"/>
    <property name="RUN_CHANGES_DISPLAY_URL" value="http://localhost:8080/job/NewArtifactIdJenkin/8/display/redirect?page=changes"/>
    <property name="BUILD_DISPLAY_NAME" value="#8"/>
    <property name="TMPDIR" value="/var/folders/m7/1nvmv_gj3n70ddyyr3yft_s4hw6qfl/T/"/>
    <property name="sun.boot.library.path" value="/Library/Java/JavaVirtualMachines/jdk1.8.0_181.jdk/Contents/Home/jre/lib"/>
    <property name="java.version" value="1.8.0_181"/>
    <property name="XPC_FLAGS" value="0x0"/>
    <property name="user.timezone" value="Asia/Dubai"/>
    <property name="sun.arch.data.model" value="64"/>
    <property name="NODE_NAME" value="master"/>
    <property name="TERM" value="xterm-256color"/>
    <property name="java.endorsed.dirs" value="/Library/Java/JavaVirtualMachines/jdk1.8.0_181.jdk/Contents/Home/jre/lib/endorsed"/>
    <property name="BUILD_ID" value="8"/>
    <property name="sun.cpu.isalist" value=""/>
    <property name="sun.jnu.encoding" value="UTF-8"/>
    <property name="file.encoding.pkg" value="sun.io"/>
    <property name="SHELL" value="/bin/bash"/>
    <property name="file.separator" value="/"/>
    <property name="java.specification.name" value="Java Platform API Specification"/>
    <property name="maven.conf" value="/Users/sudkumar10/.jenkins/tools/hudson.tasks.Maven_MavenInstallation/testmaven/conf"/>
    <property name="java.class.version" value="52.0"/>
    <property name="org.slf4j.simpleLogger.defaultLogLevel" value="info"/>
    <property name="user.country" value="IN"/>
    <property name="java.home" value="/Library/Java/JavaVirtualMachines/jdk1.8.0_181.jdk/Contents/Home/jre"/>
    <property name="java.vm.info" value="mixed mode"/>
    <property name="os.version" value="10.13.6"/>
    <property name="RUN_DISPLAY_URL" value="http://localhost:8080/job/NewArtifactIdJenkin/8/display/redirect"/>
    <property name="POM_VERSION" value="0.0.1-SNAPSHOT"/>
    <property name="sun.font.fontmanager" value="sun.font.CFontManager"/>
    <property name="path.separator" value=":"/>
    <property name="java.vm.version" value="25.181-b13"/>
    <property name="JOB_DISPLAY_URL" value="http://localhost:8080/job/NewArtifactIdJenkin/display/redirect"/>
    <property name="SHLVL" value="1"/>
    <property name="_" value="/usr/bin/java"/>
    <property name="java.awt.printerjob" value="sun.lwawt.macosx.CPrinterJob"/>
    <property name="JAVA_HOME" value="/Library/Java/JavaVirtualMachines/jdk1.8.0_181.jdk/Contents/Home"/>
    <property name="sun.io.unicode.encoding" value="UnicodeBig"/>
    <property name="awt.toolkit" value="sun.lwawt.macosx.LWCToolkit"/>
    <property name="LOGNAME" value="sudkumar10"/>
    <property name="POM_PACKAGING" value="jar"/>
    <property name="HOME" value="/Users/sudkumar10"/>
    <property name="POM_GROUPID" value="NewSelenium"/>
    <property name="user.home" value="/Users/sudkumar10"/>
    <property name="BUILD_TAG" value="jenkins-NewArtifactIdJenkin-8"/>
    <property name="JENKINS_SERVER_COOKIE" value="9914e66525e8d8e0"/>
    <property name="HUDSON_URL" value="http://localhost:8080/"/>
    <property name="XPC_SERVICE_NAME" value="0"/>
    <property name="java.specification.vendor" value="Oracle Corporation"/>
    <property name="CLASSPATH" value=""/>
    <property name="java.vendor.url" value="http://java.oracle.com/"/>
    <property name="java.library.path" value="/Users/sudkumar10/Library/Java/Extensions:/Library/Java/Extensions:/Network/Library/Java/Extensions:/System/Library/Java/Extensions:/usr/lib/java:."/>
    <property name="Apple_PubSub_Socket_Render" value="/private/tmp/com.apple.launchd.slUHNl5R5N/Render"/>
    <property name="gopherProxySet" value="false"/>
    <property name="java.vm.vendor" value="Oracle Corporation"/>
    <property name="java.runtime.name" value="Java(TM) SE Runtime Environment"/>
    <property name="maven.home" value="/Users/sudkumar10/.jenkins/tools/hudson.tasks.Maven_MavenInstallation/testmaven"/>
    <property name="java.class.path" value="/Users/sudkumar10/.jenkins/plugins/maven-plugin/WEB-INF/lib/maven35-agent-1.12.jar:/Users/sudkumar10/.jenkins/tools/hudson.tasks.Maven_MavenInstallation/testmaven/boot/plexus-classworlds-2.5.2.jar:/Users/sudkumar10/.jenkins/tools/hudson.tasks.Maven_MavenInstallation/testmaven/conf/logging"/>
    <property name="sun.java.command" value="jenkins.maven3.agent.Maven35Main /Users/sudkumar10/.jenkins/tools/hudson.tasks.Maven_MavenInstallation/testmaven /Users/sudkumar10/.jenkins/war/WEB-INF/lib/remoting-3.29.jar /Users/sudkumar10/.jenkins/plugins/maven-plugin/WEB-INF/lib/maven35-interceptor-1.12.jar /Users/sudkumar10/.jenkins/plugins/maven-plugin/WEB-INF/lib/maven3-interceptor-commons-1.12.jar 49780"/>
    <property name="java.vm.specification.name" value="Java Virtual Machine Specification"/>
    <property name="PATH+JDK" value="/Library/Java/JavaVirtualMachines/jdk1.8.0_181.jdk/Contents/Home/bin"/>
    <property name="java.vm.specification.version" value="1.8"/>
    <property name="sun.os.patch.level" value="unknown"/>
    <property name="sun.cpu.endian" value="little"/>
    <property name="M2_HOME" value="/Users/sudkumar10/.jenkins/tools/hudson.tasks.Maven_MavenInstallation/testmaven"/>
    <property name="java.io.tmpdir" value="/var/folders/m7/1nvmv_gj3n70ddyyr3yft_s4hw6qfl/T/"/>
    <property name="HUDSON_HOME" value="/Users/sudkumar10/.jenkins"/>
    <property name="PATH+MAVEN" value="/Users/sudkumar10/.jenkins/tools/hudson.tasks.Maven_MavenInstallation/testmaven/bin"/>
    <property name="BUILD_URL" value="http://localhost:8080/job/NewArtifactIdJenkin/8/"/>
    <property name="java.vendor.url.bug" value="http://bugreport.sun.com/bugreport/"/>
    <property name="OLDPWD" value="/Users/sudkumar10"/>
    <property name="SSH_AUTH_SOCK" value="/private/tmp/com.apple.launchd.BmpzgQqkp5/Listeners"/>
    <property name="LC_CTYPE" value="UTF-8"/>
    <property name="java.awt.graphicsenv" value="sun.awt.CGraphicsEnvironment"/>
    <property name="os.arch" value="x86_64"/>
    <property name="java.ext.dirs" value="/Users/sudkumar10/Library/Java/Extensions:/Library/Java/JavaVirtualMachines/jdk1.8.0_181.jdk/Contents/Home/jre/lib/ext:/Library/Java/Extensions:/Network/Library/Java/Extensions:/System/Library/Java/Extensions:/usr/lib/java"/>
    <property name="__CF_USER_TEXT_ENCODING" value="0x21C35DD3:0x0:0x0"/>
    <property name="user.dir" value="/Users/sudkumar10/Downloads/Version3 21Feb Mayank/TRY/NewArtifactID"/>
    <property name="JOB_URL" value="http://localhost:8080/job/NewArtifactIdJenkin/"/>
    <property name="line.separator" value="&#10;"/>
    <property name="MAVEN_HOME" value="/Users/sudkumar10/.jenkins/tools/hudson.tasks.Maven_MavenInstallation/testmaven"/>
    <property name="java.vm.name" value="Java HotSpot(TM) 64-Bit Server VM"/>
    <property name="BUILD_NUMBER" value="8"/>
    <property name="ANDROID_HOME" value="/Users/sudkumar10/Library/Android/sdk"/>
    <property name="JENKINS_URL" value="http://localhost:8080/"/>
    <property name="TERM_PROGRAM_VERSION" value="404"/>
    <property name="file.encoding" value="UTF-8"/>
    <property name="maven3.interceptor" value="/Users/sudkumar10/.jenkins/plugins/maven-plugin/WEB-INF/lib/maven35-interceptor-1.12.jar"/>
    <property name="WORKSPACE" value="/Users/sudkumar10/.jenkins/workspace/NewArtifactIdJenkin"/>
    <property name="maven3.interceptor.common" value="/Users/sudkumar10/.jenkins/plugins/maven-plugin/WEB-INF/lib/maven3-interceptor-commons-1.12.jar"/>
    <property name="java.specification.version" value="1.8"/>
    <property name="USER" value="sudkumar10"/>
  </properties>
  <testcase name="feature" classname="runner.TestRunner2" time="7.591"/>
</testsuite>