<?xml version="1.0" encoding="UTF-8"?>
<!-- Generated by org.testng.reporters.JUnitReportReporter -->
<testsuite skipped="0" hostname="WKMIN0907952" name="utility.Grid_command" tests="1" failures="0" timestamp="20 Feb 2019 21:21:18 GMT" time="5.068" errors="0">
  <testcase name="cmdd" time="5.068" classname="utility.Grid_command"/>
</testsuite> <!-- utility.Grid_command -->
