<?xml version="1.0" encoding="UTF-8"?>
<!-- Generated by org.testng.reporters.JUnitReportReporter -->
<testsuite skipped="0" hostname="WKMIN0907952" name="runner.Grid_Runner" tests="1" failures="0" timestamp="20 Feb 2019 21:21:18 GMT" time="15.500" errors="0">
  <testcase name="feature" time="15.500" classname="runner.Grid_Runner"/>
</testsuite> <!-- runner.Grid_Runner -->
