<?xml version="1.0" encoding="UTF-8"?>
<!-- Generated by org.testng.reporters.JUnitReportReporter -->
<testsuite skipped="0" hostname="WKMIN4122399" name="runner.TestRunner2" tests="1" failures="0" timestamp="28 Mar 2019 20:54:05 GMT" time="7.590" errors="0">
  <testcase name="feature" time="7.590" classname="runner.TestRunner2"/>
</testsuite> <!-- runner.TestRunner2 -->
