<?xml version="1.0" encoding="UTF-8"?>
<!-- Generated by org.testng.reporters.JUnitReportReporter -->
<testsuite hostname="WKMIN4122399" name="runner.TestRunner2" tests="1" failures="0" timestamp="28 Mar 2019 16:38:18 GMT" time="7.084" errors="0">
  <testcase name="feature" time="7.084" classname="runner.TestRunner2"/>
</testsuite> <!-- runner.TestRunner2 -->
